0 verbose cli /Users/ernestolaval/.nvm/versions/node/v20.19.4/bin/node /Users/ernestolaval/.nvm/versions/node/v20.19.4/lib/node_modules/npm/bin/npm-cli.js
1 info using npm@10.8.2
2 info using node@v20.19.4
3 silly config load:file:/Users/ernestolaval/.nvm/versions/node/v20.19.4/lib/node_modules/npm/npmrc
4 silly config load:file:/Users/ernestolaval/Documents/Prototipos/GenAI Use cases collection/genai-opportunity-explorer/.npmrc
5 silly config load:file:/Users/ernestolaval/.npmrc
6 silly config load:file:/Users/ernestolaval/.nvm/versions/node/v20.19.4/etc/npmrc
7 verbose title npm exec tailwindcss -i app/globals.css -o /tmp/tailwind-test.css
8 verbose argv "exec" "--" "tailwindcss" "-i" "app/globals.css" "-o" "/tmp/tailwind-test.css"
9 verbose logfile logs-max:10 dir:/Users/ernestolaval/Documents/Prototipos/GenAI Use cases collection/genai-opportunity-explorer/.npm-cache/_logs/2025-10-15T16_21_06_137Z-
10 verbose logfile /Users/ernestolaval/Documents/Prototipos/GenAI Use cases collection/genai-opportunity-explorer/.npm-cache/_logs/2025-10-15T16_21_06_137Z-debug-0.log
11 silly logfile done cleaning log files
12 silly packumentCache heap:4345298944 maxSize:1086324736 maxEntrySize:543162368
13 http fetch GET https://registry.npmjs.org/npm attempt 1 failed with ENOTFOUND
14 verbose stack Error: could not determine executable to run
14 verbose stack     at getBinFromManifest (/Users/ernestolaval/.nvm/versions/node/v20.19.4/lib/node_modules/npm/node_modules/libnpmexec/lib/get-bin-from-manifest.js:17:23)
14 verbose stack     at exec (/Users/ernestolaval/.nvm/versions/node/v20.19.4/lib/node_modules/npm/node_modules/libnpmexec/lib/index.js:202:15)
14 verbose stack     at async Npm.exec (/Users/ernestolaval/.nvm/versions/node/v20.19.4/lib/node_modules/npm/lib/npm.js:207:9)
14 verbose stack     at async module.exports (/Users/ernestolaval/.nvm/versions/node/v20.19.4/lib/node_modules/npm/lib/cli/entry.js:74:5)
15 verbose pkgid tailwindcss@4.1.14
16 error could not determine executable to run
17 verbose cwd /Users/ernestolaval/Documents/Prototipos/GenAI Use cases collection/genai-opportunity-explorer
18 verbose os Darwin 24.0.0
19 verbose node v20.19.4
20 verbose npm  v10.8.2
21 verbose exit 1
22 verbose code 1
23 error A complete log of this run can be found in: /Users/ernestolaval/Documents/Prototipos/GenAI Use cases collection/genai-opportunity-explorer/.npm-cache/_logs/2025-10-15T16_21_06_137Z-debug-0.log
